<?xml version="1.0" encoding="UTF-8"?>
<testsuite name="AppTest" tests="1" skipped="0" failures="0" errors="0" timestamp="2023-04-16T21:35:39" hostname="vcm-30653.vm.duke.edu" time="0.013">
  <properties/>
  <testcase name="testAppHasAGreeting" classname="AppTest" time="0.013"/>
  <system-out><![CDATA[]]></system-out>
  <system-err><![CDATA[]]></system-err>
</testsuite>
